c:\users\joelr\desktop\jerarquia\jerarquia\debug\vc141.pdb
c:\users\joelr\desktop\jerarquia\jerarquia\debug\vc141.idb
c:\users\joelr\desktop\jerarquia\jerarquia\debug\camera.obj
c:\users\joelr\desktop\jerarquia\jerarquia\debug\figuras.obj
c:\users\joelr\desktop\jerarquia\jerarquia\debug\jerarquia.obj
c:\users\joelr\desktop\jerarquia\jerarquia\debug\texture.obj
c:\users\joelr\desktop\proyecto final teoria\jerarquia\jerarquia\debug\vc141.pdb
c:\users\joelr\desktop\proyecto final teoria\jerarquia\jerarquia\debug\vc141.idb
c:\users\joelr\desktop\proyecto final teoria\jerarquia\jerarquia\debug\camera.obj
c:\users\joelr\desktop\proyecto final teoria\jerarquia\jerarquia\debug\figuras.obj
c:\users\joelr\desktop\proyecto final teoria\jerarquia\jerarquia\debug\jerarquia2.obj
c:\users\joelr\desktop\proyecto final teoria\jerarquia\jerarquia\debug\texture.obj
c:\users\joelr\desktop\jerarquia\debug\jerarquia.exe
c:\users\joelr\desktop\jerarquia\debug\jerarquia.ilk
c:\users\joelr\desktop\jerarquia\debug\jerarquia.pdb
c:\users\joelr\desktop\proyecto final teoris\jerarquia\debug\jerarquia.exe
c:\users\joelr\desktop\proyecto final teoris\jerarquia\debug\jerarquia.ilk
c:\users\joelr\desktop\proyecto final teoris\jerarquia\debug\jerarquia.pdb
c:\users\joelr\desktop\proyecto final teoria\jerarquia\debug\jerarquia.exe
c:\users\joelr\desktop\proyecto final teoria\jerarquia\debug\jerarquia.ilk
c:\users\joelr\desktop\proyecto final teoria\jerarquia\debug\jerarquia.pdb
c:\users\c4ris\documents\github\proyectofinalcg\jerarquia\jerarquia\debug\camera.obj
c:\users\c4ris\documents\github\proyectofinalcg\jerarquia\jerarquia\debug\figuras.obj
c:\users\c4ris\documents\github\proyectofinalcg\jerarquia\jerarquia\debug\jerarquia.obj
c:\users\c4ris\documents\github\proyectofinalcg\jerarquia\jerarquia\debug\jerarquia2.obj
c:\users\c4ris\documents\github\proyectofinalcg\jerarquia\jerarquia\debug\texture.obj
c:\users\c4ris\documents\github\proyectofinalcg\jerarquia\jerarquia\debug\vc141.idb
c:\users\c4ris\documents\github\proyectofinalcg\jerarquia\jerarquia\debug\vc141.pdb
c:\users\c4ris\documents\github\proyectofinalcg\jerarquia\debug\jerarquia.pdb
c:\users\c4ris\documents\github\proyectofinalcg\jerarquia\debug\jerarquia.exe
c:\users\c4ris\documents\github\proyectofinalcg\jerarquia\debug\jerarquia.ilk
c:\users\c4ris\documents\github\proyectofinalcg\jerarquia\jerarquia\debug\jerarquia.tlog\cl.command.1.tlog
c:\users\c4ris\documents\github\proyectofinalcg\jerarquia\jerarquia\debug\jerarquia.tlog\cl.read.1.tlog
c:\users\c4ris\documents\github\proyectofinalcg\jerarquia\jerarquia\debug\jerarquia.tlog\cl.write.1.tlog
c:\users\c4ris\documents\github\proyectofinalcg\jerarquia\jerarquia\debug\jerarquia.tlog\link.command.1.tlog
c:\users\c4ris\documents\github\proyectofinalcg\jerarquia\jerarquia\debug\jerarquia.tlog\link.read.1.tlog
c:\users\c4ris\documents\github\proyectofinalcg\jerarquia\jerarquia\debug\jerarquia.tlog\link.write.1.tlog
